Nov 29, 2025 1:52:46 AM Main main
INFO: TeamMate System Started
Nov 29, 2025 1:52:47 AM Main main
WARNING: Error : 
Nov 29, 2025 6:53:33 PM Main main
INFO: TeamMate System Started
Nov 29, 2025 6:53:33 PM Main main
WARNING: Error : 
Nov 29, 2025 7:05:19 PM Main main
INFO: TeamMate System Started
Nov 29, 2025 7:05:19 PM Main main
WARNING: Error : 
Nov 29, 2025 8:10:53 PM TeamManager loadCSV
INFO: CSV loaded: 100 participants
Nov 29, 2025 8:10:53 PM TeamManager buildTeam
INFO: Team_2 formed.
Nov 29, 2025 8:10:53 PM TeamManager buildTeam
INFO: Team_4 formed.
Nov 29, 2025 8:10:53 PM TeamManager buildTeam
INFO: Team_3 formed.
Nov 29, 2025 8:10:53 PM TeamManager buildTeam
INFO: Team_1 formed.
Nov 29, 2025 8:10:53 PM TeamManager buildTeam
INFO: Team_7 formed.
Nov 29, 2025 8:10:53 PM TeamManager buildTeam
INFO: Team_8 formed.
Nov 29, 2025 8:10:53 PM TeamManager buildTeam
INFO: Team_5 formed.
Nov 29, 2025 8:10:53 PM TeamManager buildTeam
INFO: Team_9 formed.
Nov 29, 2025 8:10:53 PM TeamManager buildTeam
INFO: Team_12 formed.
Nov 29, 2025 8:10:53 PM TeamManager buildTeam
INFO: Team_10 formed.
Nov 29, 2025 8:10:53 PM TeamManager buildTeam
INFO: Team_13 formed.
Nov 29, 2025 8:10:53 PM TeamManager buildTeam
INFO: Team_11 formed.
Nov 29, 2025 8:10:53 PM TeamManager buildTeam
INFO: Team_14 formed.
Nov 29, 2025 8:10:53 PM TeamManager buildTeam
INFO: Team_15 formed.
Nov 29, 2025 8:10:53 PM TeamManager buildTeam
INFO: Team_16 formed.
Nov 29, 2025 8:10:53 PM TeamManager buildTeam
INFO: Team_17 formed.
Nov 29, 2025 8:10:53 PM TeamManager buildTeam
INFO: Team_6 formed.
Nov 29, 2025 8:10:53 PM TeamManager buildTeam
INFO: Team_18 formed.
Nov 29, 2025 8:10:53 PM TeamManager buildTeam
INFO: Team_19 formed.
Nov 29, 2025 8:10:53 PM TeamManager buildTeam
INFO: Team_20 formed.
